2017-07-05 09:44:58,563 [main] INFO  c.g.e.m.h.c.ui.Html5AppCoreUIPlugin - Pluging started
2017-07-05 09:45:01,486 [Worker-3] INFO  o.e.m.c.i.i.nexus.NexusIndexManager - Updating index for repository: central|http://repo.maven.apache.org/maven2
2017-07-05 09:45:01,653 [Worker-3] INFO  c.n.h.c.p.n.NettyAsyncHttpProvider - Number of application's worked threads is 8
2018-12-18 18:37:03,400 [Worker-7: Loading available Gradle versions] INFO  c.g.t.t.d.PublishedGradleVersions - Gradle version information cache is up-to-date. Trying to read.
2018-12-18 18:37:17,294 [Worker-11: Workbench early startup] ERROR o.e.m.c.i.p.r.ProjectRegistryReader - Can't read workspace state
java.io.InvalidClassException: org.eclipse.m2e.core.internal.project.registry.BasicProjectRegistry; local class incompatible: stream classdesc serialVersionUID = 5542512601401896748, local class serialVersionUID = 6232274446642339434
	at java.io.ObjectStreamClass.initNonProxy(ObjectStreamClass.java:699) ~[na:1.8.0_191]
	at java.io.ObjectInputStream.readNonProxyDesc(ObjectInputStream.java:1885) ~[na:1.8.0_191]
	at java.io.ObjectInputStream.readClassDesc(ObjectInputStream.java:1751) ~[na:1.8.0_191]
	at java.io.ObjectInputStream.readNonProxyDesc(ObjectInputStream.java:1885) ~[na:1.8.0_191]
	at java.io.ObjectInputStream.readClassDesc(ObjectInputStream.java:1751) ~[na:1.8.0_191]
	at java.io.ObjectInputStream.readOrdinaryObject(ObjectInputStream.java:2042) ~[na:1.8.0_191]
	at java.io.ObjectInputStream.readObject0(ObjectInputStream.java:1573) ~[na:1.8.0_191]
	at java.io.ObjectInputStream.readObject(ObjectInputStream.java:431) ~[na:1.8.0_191]
	at org.eclipse.m2e.core.internal.project.registry.ProjectRegistryReader.readWorkspaceState(ProjectRegistryReader.java:100) ~[org.eclipse.m2e.core_1.9.1.20180912-1601.jar:na]
	at org.eclipse.m2e.core.internal.project.registry.ProjectRegistryManager.<init>(ProjectRegistryManager.java:164) [org.eclipse.m2e.core_1.9.1.20180912-1601.jar:na]
	at org.eclipse.m2e.core.internal.MavenPluginActivator.start(MavenPluginActivator.java:240) [org.eclipse.m2e.core_1.9.1.20180912-1601.jar:na]
	at org.eclipse.osgi.internal.framework.BundleContextImpl$3.run(BundleContextImpl.java:782) [org.eclipse.osgi_3.13.100.v20180827-1536.jar:na]
	at org.eclipse.osgi.internal.framework.BundleContextImpl$3.run(BundleContextImpl.java:1) [org.eclipse.osgi_3.13.100.v20180827-1536.jar:na]
	at java.security.AccessController.doPrivileged(Native Method) [na:1.8.0_191]
	at org.eclipse.osgi.internal.framework.BundleContextImpl.startActivator(BundleContextImpl.java:775) [org.eclipse.osgi_3.13.100.v20180827-1536.jar:na]
	at org.eclipse.osgi.internal.framework.BundleContextImpl.start(BundleContextImpl.java:732) [org.eclipse.osgi_3.13.100.v20180827-1536.jar:na]
	at org.eclipse.osgi.internal.framework.EquinoxBundle.startWorker0(EquinoxBundle.java:1005) [org.eclipse.osgi_3.13.100.v20180827-1536.jar:na]
	at org.eclipse.osgi.internal.framework.EquinoxBundle$EquinoxModule.startWorker(EquinoxBundle.java:357) [org.eclipse.osgi_3.13.100.v20180827-1536.jar:na]
	at org.eclipse.osgi.container.Module.doStart(Module.java:584) [org.eclipse.osgi_3.13.100.v20180827-1536.jar:na]
	at org.eclipse.osgi.container.Module.start(Module.java:452) [org.eclipse.osgi_3.13.100.v20180827-1536.jar:na]
	at org.eclipse.osgi.framework.util.SecureAction.start(SecureAction.java:471) [org.eclipse.osgi_3.13.100.v20180827-1536.jar:na]
	at org.eclipse.osgi.internal.hooks.EclipseLazyStarter.postFindLocalClass(EclipseLazyStarter.java:117) [org.eclipse.osgi_3.13.100.v20180827-1536.jar:na]
	at org.eclipse.osgi.internal.loader.classpath.ClasspathManager.findLocalClass(ClasspathManager.java:557) [org.eclipse.osgi_3.13.100.v20180827-1536.jar:na]
	at org.eclipse.osgi.internal.loader.ModuleClassLoader.findLocalClass(ModuleClassLoader.java:331) [org.eclipse.osgi_3.13.100.v20180827-1536.jar:na]
	at org.eclipse.osgi.internal.loader.BundleLoader.findLocalClass(BundleLoader.java:395) [org.eclipse.osgi_3.13.100.v20180827-1536.jar:na]
	at org.eclipse.osgi.internal.loader.sources.SingleSourcePackage.loadClass(SingleSourcePackage.java:39) [org.eclipse.osgi_3.13.100.v20180827-1536.jar:na]
	at org.eclipse.osgi.internal.loader.BundleLoader.findClassInternal(BundleLoader.java:469) [org.eclipse.osgi_3.13.100.v20180827-1536.jar:na]
	at org.eclipse.osgi.internal.loader.BundleLoader.findClass(BundleLoader.java:422) [org.eclipse.osgi_3.13.100.v20180827-1536.jar:na]
	at org.eclipse.osgi.internal.loader.BundleLoader.findClass(BundleLoader.java:414) [org.eclipse.osgi_3.13.100.v20180827-1536.jar:na]
	at org.eclipse.osgi.internal.loader.ModuleClassLoader.loadClass(ModuleClassLoader.java:153) [org.eclipse.osgi_3.13.100.v20180827-1536.jar:na]
	at java.lang.ClassLoader.loadClass(ClassLoader.java:357) [na:1.8.0_191]
	at java.lang.Class.getDeclaredConstructors0(Native Method) [na:1.8.0_191]
	at java.lang.Class.privateGetDeclaredConstructors(Class.java:2671) [na:1.8.0_191]
	at java.lang.Class.getConstructor0(Class.java:3075) [na:1.8.0_191]
	at java.lang.Class.newInstance(Class.java:412) [na:1.8.0_191]
	at org.eclipse.osgi.internal.framework.BundleContextImpl.loadBundleActivator(BundleContextImpl.java:766) [org.eclipse.osgi_3.13.100.v20180827-1536.jar:na]
	at org.eclipse.osgi.internal.framework.BundleContextImpl.start(BundleContextImpl.java:719) [org.eclipse.osgi_3.13.100.v20180827-1536.jar:na]
	at org.eclipse.osgi.internal.framework.EquinoxBundle.startWorker0(EquinoxBundle.java:1005) [org.eclipse.osgi_3.13.100.v20180827-1536.jar:na]
	at org.eclipse.osgi.internal.framework.EquinoxBundle$EquinoxModule.startWorker(EquinoxBundle.java:357) [org.eclipse.osgi_3.13.100.v20180827-1536.jar:na]
	at org.eclipse.osgi.container.Module.doStart(Module.java:584) [org.eclipse.osgi_3.13.100.v20180827-1536.jar:na]
	at org.eclipse.osgi.container.Module.start(Module.java:452) [org.eclipse.osgi_3.13.100.v20180827-1536.jar:na]
	at org.eclipse.osgi.framework.util.SecureAction.start(SecureAction.java:471) [org.eclipse.osgi_3.13.100.v20180827-1536.jar:na]
	at org.eclipse.osgi.internal.hooks.EclipseLazyStarter.postFindLocalClass(EclipseLazyStarter.java:117) [org.eclipse.osgi_3.13.100.v20180827-1536.jar:na]
	at org.eclipse.osgi.internal.loader.classpath.ClasspathManager.findLocalClass(ClasspathManager.java:557) [org.eclipse.osgi_3.13.100.v20180827-1536.jar:na]
	at org.eclipse.osgi.internal.loader.ModuleClassLoader.findLocalClass(ModuleClassLoader.java:331) [org.eclipse.osgi_3.13.100.v20180827-1536.jar:na]
	at org.eclipse.osgi.internal.loader.BundleLoader.findLocalClass(BundleLoader.java:395) [org.eclipse.osgi_3.13.100.v20180827-1536.jar:na]
	at org.eclipse.osgi.internal.loader.sources.SingleSourcePackage.loadClass(SingleSourcePackage.java:39) [org.eclipse.osgi_3.13.100.v20180827-1536.jar:na]
	at org.eclipse.osgi.internal.loader.BundleLoader.findClassInternal(BundleLoader.java:469) [org.eclipse.osgi_3.13.100.v20180827-1536.jar:na]
	at org.eclipse.osgi.internal.loader.BundleLoader.findClass(BundleLoader.java:422) [org.eclipse.osgi_3.13.100.v20180827-1536.jar:na]
	at org.eclipse.osgi.internal.loader.BundleLoader.findClass(BundleLoader.java:414) [org.eclipse.osgi_3.13.100.v20180827-1536.jar:na]
	at org.eclipse.osgi.internal.loader.ModuleClassLoader.loadClass(ModuleClassLoader.java:153) [org.eclipse.osgi_3.13.100.v20180827-1536.jar:na]
	at java.lang.ClassLoader.loadClass(ClassLoader.java:357) [na:1.8.0_191]
	at org.jboss.tools.forge.ui.internal.startup.ForgeStarter.earlyStartup(ForgeStarter.java:18) [org.jboss.tools.forge.ui_2.0.204.v20180831-0245.jar:na]
	at org.eclipse.ui.internal.EarlyStartupRunnable.runEarlyStartup(EarlyStartupRunnable.java:80) [org.eclipse.ui.workbench_3.112.0.v20180906-1121.jar:na]
	at org.eclipse.ui.internal.EarlyStartupRunnable.run(EarlyStartupRunnable.java:56) [org.eclipse.ui.workbench_3.112.0.v20180906-1121.jar:na]
	at org.eclipse.core.runtime.SafeRunner.run(SafeRunner.java:45) [org.eclipse.equinox.common_3.10.100.v20180827-1235.jar:na]
	at org.eclipse.ui.internal.Workbench$40.run(Workbench.java:2714) [org.eclipse.ui.workbench_3.112.0.v20180906-1121.jar:na]
	at org.eclipse.core.internal.jobs.Worker.run(Worker.java:63) [org.eclipse.core.jobs_3.10.100.v20180817-1215.jar:na]
2018-12-18 18:40:11,897 [Worker-1: Loading available Gradle versions] INFO  c.g.t.t.d.PublishedGradleVersions - Gradle version information cache is up-to-date. Trying to read.
